Registering cryptonite-0.7...
n64\home\nmrw48\gits\horus\.cabal-sandbox\x86_64-windows-ghc-7.10.2\cryptonite-0.7-5cklCHEecC8KkGPYf4SV5d
patPrim.hs, dist\dist-sandbox-46a6cd3d\build\Crypto\Internal\CompatPrim.o )
[ 2 of 96] Compiling Crypto.Random.Entropy.Source ( Crypto\Random\Entropy\Source.hs, dist\dist-sandbox-46a6cd3d\build\Crypto\Random\Entropy\Source.o )
[ 3 of 96] Compiling Crypto.Random.Entropy.RDRand ( Crypto\Random\Entropy\RDRand.hs, dist\dist-sandbox-46a6cd3d\build\Crypto\Random\Entropy\RDRand.o )
[ 4 of 96] Compiling Crypto.Random.Entropy.Windows ( Crypto\Random\Entropy\Windows.hs, dist\dist-sandbox-46a6cd3d\build\Crypto\Random\Entropy\Windows.o )
[ 5 of 96] Compiling Crypto.Internal.Words ( Crypto\Internal\Words.hs, dist\dist-sandbox-46a6cd3d\build\Crypto\Internal\Words.o )
[ 6 of 96] Compiling Crypto.Random.Entropy.Backend ( Crypto\Random\Entropy\Backend.hs, dist\dist-sandbox-46a6cd3d\build\Crypto\Random\Entropy\Backend.o )
[ 7 of 96] Compiling Crypto.Random.Entropy.Unsafe ( Crypto\Random\Entropy\Unsafe.hs, dist\dist-sandbox-46a6cd3d\build\Crypto\Random\Entropy\Unsafe.o )
[ 8 of 96] Compiling Crypto.PubKey.Internal ( Crypto\PubKey\Internal.hs, dist\dist-sandbox-46a6cd3d\build\Crypto\PubKey\Internal.o )
[ 9 of 96] Compiling Crypto.Number.Compat ( Crypto\Number\Compat.hs, dist\dist-sandbox-46a6cd3d\build\Crypto\Number\Compat.o )

Crypto\Number\Compat.hs:74:21: Warning: Defined but not used: `b'

Crypto\Number\Compat.hs:74:23: Warning: Defined but not used: `e'

Crypto\Number\Compat.hs:74:25: Warning: Defined but not used: `m'
[10 of 96] Compiling Crypto.Number.Basic ( Crypto\Number\Basic.hs, dist\dist-sandbox-46a6cd3d\build\Crypto\Number\Basic.o )
[11 of 96] Compiling Crypto.Number.ModArithmetic ( Crypto\Number\ModArithmetic.hs, dist\dist-sandbox-46a6cd3d\build\Crypto\Number\ModArithmetic.o )
[12 of 96] Compiling Crypto.Number.Serialize.Internal ( Crypto\Number\Serialize\Internal.hs, dist\dist-sandbox-46a6cd3d\build\Crypto\Number\Serialize\Internal.o )
[13 of 96] Compiling Crypto.Internal.DeepSeq ( Crypto\Internal\DeepSeq.hs, dist\dist-sandbox-46a6cd3d\build\Crypto\Internal\DeepSeq.o )
[14 of 96] Compiling Crypto.Data.Padding ( Crypto\Data\Padding.hs, dist\dist-sandbox-46a6cd3d\build\Crypto\Data\Padding.o )
[15 of 96] Compiling Crypto.Cipher.DES.Primitive ( Crypto\Cipher\DES\Primitive.hs, dist\dist-sandbox-46a6cd3d\build\Crypto\Cipher\DES\Primitive.o )
[16 of 96] Compiling Crypto.Internal.Compat ( Crypto\Internal\Compat.hs, dist\dist-sandbox-46a6cd3d\build\Crypto\Internal\Compat.o )
[17 of 96] Compiling Crypto.Internal.WordArray ( Crypto\Internal\WordArray.hs, dist\dist-sandbox-46a6cd3d\build\Crypto\Internal\WordArray.o )
[18 of 96] Compiling Crypto.Cipher.Blowfish.Box ( Crypto\Cipher\Blowfish\Box.hs, dist\dist-sandbox-46a6cd3d\build\Crypto\Cipher\Blowfish\Box.o )
[19 of 96] Compiling Crypto.Internal.ByteArray ( Crypto\Internal\ByteArray.hs, dist\dist-sandbox-46a6cd3d\build\Crypto\Internal\ByteArray.o )
[20 of 96] Compiling Crypto.Number.Serialize ( Crypto\Number\Serialize.hs, dist\dist-sandbox-46a6cd3d\build\Crypto\Number\Serialize.o )
[21 of 96] Compiling Crypto.Random.Entropy ( Crypto\Random\Entropy.hs, dist\dist-sandbox-46a6cd3d\build\Crypto\Random\Entropy.o )
[22 of 96] Compiling Crypto.Random.EntropyPool ( Crypto\Random\EntropyPool.hs, dist\dist-sandbox-46a6cd3d\build\Crypto\Random\EntropyPool.o )
[23 of 96] Compiling Crypto.Cipher.Types.Utils ( Crypto\Cipher\Types\Utils.hs, dist\dist-sandbox-46a6cd3d\build\Crypto\Cipher\Types\Utils.o )
[24 of 96] Compiling Crypto.Internal.Imports ( Crypto\Internal\Imports.hs, dist\dist-sandbox-46a6cd3d\build\Crypto\Internal\Imports.o )
[25 of 96] Compiling Crypto.Cipher.ChaCha ( Crypto\Cipher\ChaCha.hs, dist\dist-sandbox-46a6cd3d\build\Crypto\Cipher\ChaCha.o )
[26 of 96] Compiling Crypto.Cipher.RC4 ( Crypto\Cipher\RC4.hs, dist\dist-sandbox-46a6cd3d\build\Crypto\Cipher\RC4.o )
[27 of 96] Compiling Crypto.Cipher.Salsa ( Crypto\Cipher\Salsa.hs, dist\dist-sandbox-46a6cd3d\build\Crypto\Cipher\Salsa.o )
[28 of 96] Compiling Crypto.Random.Types ( Crypto\Random\Types.hs, dist\dist-sandbox-46a6cd3d\build\Crypto\Random\Types.o )

Crypto\Random\Types.hs:18:1: Warning:
    The import of `Crypto.Internal.Imports' is redundant
      except perhaps to import instances from `Crypto.Internal.Imports'
    To import instances alone, use: import Crypto.Internal.Imports()
[29 of 96] Compiling Crypto.Error.Types ( Crypto\Error\Types.hs, dist\dist-sandbox-46a6cd3d\build\Crypto\Error\Types.o )

Crypto\Error\Types.hs:24:1: Warning:
    The import of `Crypto.Internal.Imports' is redundant
      except perhaps to import instances from `Crypto.Internal.Imports'
    To import instances alone, use: import Crypto.Internal.Imports()
[30 of 96] Compiling Crypto.Number.F2m ( Crypto\Number\F2m.hs, dist\dist-sandbox-46a6cd3d\build\Crypto\Number\F2m.o )

Crypto\Number\F2m.hs:24:1: Warning:
    The import of `Crypto.Internal.Imports' is redundant
      except perhaps to import instances from `Crypto.Internal.Imports'
    To import instances alone, use: import Crypto.Internal.Imports()
[31 of 96] Compiling Crypto.Number.Generate ( Crypto\Number\Generate.hs, dist\dist-sandbox-46a6cd3d\build\Crypto\Number\Generate.o )
[32 of 96] Compiling Crypto.Hash.Types ( Crypto\Hash\Types.hs, dist\dist-sandbox-46a6cd3d\build\Crypto\Hash\Types.o )
[33 of 96] Compiling Crypto.Hash.IO   ( Crypto\Hash\IO.hs, dist\dist-sandbox-46a6cd3d\build\Crypto\Hash\IO.o )
[34 of 96] Compiling Crypto.Hash.MD2  ( Crypto\Hash\MD2.hs, dist\dist-sandbox-46a6cd3d\build\Crypto\Hash\MD2.o )
[35 of 96] Compiling Crypto.Hash.MD4  ( Crypto\Hash\MD4.hs, dist\dist-sandbox-46a6cd3d\build\Crypto\Hash\MD4.o )
[36 of 96] Compiling Crypto.Hash.MD5  ( Crypto\Hash\MD5.hs, dist\dist-sandbox-46a6cd3d\build\Crypto\Hash\MD5.o )
[37 of 96] Compiling Crypto.Hash.SHA1 ( Crypto\Hash\SHA1.hs, dist\dist-sandbox-46a6cd3d\build\Crypto\Hash\SHA1.o )
[38 of 96] Compiling Crypto.Hash.SHA224 ( Crypto\Hash\SHA224.hs, dist\dist-sandbox-46a6cd3d\build\Crypto\Hash\SHA224.o )
[39 of 96] Compiling Crypto.Hash.SHA256 ( Crypto\Hash\SHA256.hs, dist\dist-sandbox-46a6cd3d\build\Crypto\Hash\SHA256.o )
[40 of 96] Compiling Crypto.Hash.SHA384 ( Crypto\Hash\SHA384.hs, dist\dist-sandbox-46a6cd3d\build\Crypto\Hash\SHA384.o )
[41 of 96] Compiling Crypto.Hash.SHA512 ( Crypto\Hash\SHA512.hs, dist\dist-sandbox-46a6cd3d\build\Crypto\Hash\SHA512.o )
[42 of 96] Compiling Crypto.Hash.SHA512t ( Crypto\Hash\SHA512t.hs, dist\dist-sandbox-46a6cd3d\build\Crypto\Hash\SHA512t.o )
[43 of 96] Compiling Crypto.Hash.SHA3 ( Crypto\Hash\SHA3.hs, dist\dist-sandbox-46a6cd3d\build\Crypto\Hash\SHA3.o )
[44 of 96] Compiling Crypto.Hash.Kekkak ( Crypto\Hash\Kekkak.hs, dist\dist-sandbox-46a6cd3d\build\Crypto\Hash\Kekkak.o )
[45 of 96] Compiling Crypto.Hash.RIPEMD160 ( Crypto\Hash\RIPEMD160.hs, dist\dist-sandbox-46a6cd3d\build\Crypto\Hash\RIPEMD160.o )
[46 of 96] Compiling Crypto.Hash.Tiger ( Crypto\Hash\Tiger.hs, dist\dist-sandbox-46a6cd3d\build\Crypto\Hash\Tiger.o )
[47 of 96] Compiling Crypto.Hash.Skein256 ( Crypto\Hash\Skein256.hs, dist\dist-sandbox-46a6cd3d\build\Crypto\Hash\Skein256.o )
[48 of 96] Compiling Crypto.Hash.Skein512 ( Crypto\Hash\Skein512.hs, dist\dist-sandbox-46a6cd3d\build\Crypto\Hash\Skein512.o )
[49 of 96] Compiling Crypto.Hash.Whirlpool ( Crypto\Hash\Whirlpool.hs, dist\dist-sandbox-46a6cd3d\build\Crypto\Hash\Whirlpool.o )
[50 of 96] Compiling Crypto.Hash.Algorithms ( Crypto\Hash\Algorithms.hs, dist\dist-sandbox-46a6cd3d\build\Crypto\Hash\Algorithms.o )
[51 of 96] Compiling Crypto.Hash      ( Crypto\Hash.hs, dist\dist-sandbox-46a6cd3d\build\Crypto\Hash.o )
[52 of 96] Compiling Crypto.Data.AFIS ( Crypto\Data\AFIS.hs, dist\dist-sandbox-46a6cd3d\build\Crypto\Data\AFIS.o )
[53 of 96] Compiling Crypto.MAC.HMAC  ( Crypto\MAC\HMAC.hs, dist\dist-sandbox-46a6cd3d\build\Crypto\MAC\HMAC.o )

Crypto\MAC\HMAC.hs:31:1: Warning:
    The import of `Crypto.Internal.Imports' is redundant
      except perhaps to import instances from `Crypto.Internal.Imports'
    To import instances alone, use: import Crypto.Internal.Imports()
[54 of 96] Compiling Crypto.KDF.PBKDF2 ( Crypto\KDF\PBKDF2.hs, dist\dist-sandbox-46a6cd3d\build\Crypto\KDF\PBKDF2.o )
[55 of 96] Compiling Crypto.KDF.Scrypt ( Crypto\KDF\Scrypt.hs, dist\dist-sandbox-46a6cd3d\build\Crypto\KDF\Scrypt.o )
[56 of 96] Compiling Crypto.PubKey.MaskGenFunction ( Crypto\PubKey\MaskGenFunction.hs, dist\dist-sandbox-46a6cd3d\build\Crypto\PubKey\MaskGenFunction.o )
[57 of 96] Compiling Crypto.PubKey.Curve25519 ( Crypto\PubKey\Curve25519.hs, dist\dist-sandbox-46a6cd3d\build\Crypto\PubKey\Curve25519.o )
[58 of 96] Compiling Crypto.PubKey.DSA ( Crypto\PubKey\DSA.hs, dist\dist-sandbox-46a6cd3d\build\Crypto\PubKey\DSA.o )
[59 of 96] Compiling Crypto.PubKey.ECC.Types ( Crypto\PubKey\ECC\Types.hs, dist\dist-sandbox-46a6cd3d\build\Crypto\PubKey\ECC\Types.o )
[60 of 96] Compiling Crypto.PubKey.ECC.Prim ( Crypto\PubKey\ECC\Prim.hs, dist\dist-sandbox-46a6cd3d\build\Crypto\PubKey\ECC\Prim.o )
[61 of 96] Compiling Crypto.PubKey.ECC.ECDSA ( Crypto\PubKey\ECC\ECDSA.hs, dist\dist-sandbox-46a6cd3d\build\Crypto\PubKey\ECC\ECDSA.o )
[62 of 96] Compiling Crypto.PubKey.ECC.Generate ( Crypto\PubKey\ECC\Generate.hs, dist\dist-sandbox-46a6cd3d\build\Crypto\PubKey\ECC\Generate.o )
[63 of 96] Compiling Crypto.PubKey.RSA.Types ( Crypto\PubKey\RSA\Types.hs, dist\dist-sandbox-46a6cd3d\build\Crypto\PubKey\RSA\Types.o )
[64 of 96] Compiling Crypto.PubKey.RSA.Prim ( Crypto\PubKey\RSA\Prim.hs, dist\dist-sandbox-46a6cd3d\build\Crypto\PubKey\RSA\Prim.o )
[65 of 96] Compiling Crypto.Random.ChaChaDRG ( Crypto\Random\ChaChaDRG.hs, dist\dist-sandbox-46a6cd3d\build\Crypto\Random\ChaChaDRG.o )
[66 of 96] Compiling Crypto.Random.SystemDRG ( Crypto\Random\SystemDRG.hs, dist\dist-sandbox-46a6cd3d\build\Crypto\Random\SystemDRG.o )

Crypto\Random\SystemDRG.hs:17:1: Warning:
    The import of `Crypto.Internal.Imports' is redundant
      except perhaps to import instances from `Crypto.Internal.Imports'
    To import instances alone, use: import Crypto.Internal.Imports()
[67 of 96] Compiling Crypto.Random    ( Crypto\Random.hs, dist\dist-sandbox-46a6cd3d\build\Crypto\Random.o )
[68 of 96] Compiling Crypto.Random.Probabilistic ( Crypto\Random\Probabilistic.hs, dist\dist-sandbox-46a6cd3d\build\Crypto\Random\Probabilistic.o )
[69 of 96] Compiling Crypto.Number.Prime ( Crypto\Number\Prime.hs, dist\dist-sandbox-46a6cd3d\build\Crypto\Number\Prime.o )

Crypto\Number\Prime.hs:22:1: Warning:
    The import of `Crypto.Internal.Imports' is redundant
      except perhaps to import instances from `Crypto.Internal.Imports'
    To import instances alone, use: import Crypto.Internal.Imports()
[70 of 96] Compiling Crypto.PubKey.DH ( Crypto\PubKey\DH.hs, dist\dist-sandbox-46a6cd3d\build\Crypto\PubKey\DH.o )

Crypto\PubKey\DH.hs:22:1: Warning:
    The import of `Crypto.Internal.Imports' is redundant
      except perhaps to import instances from `Crypto.Internal.Imports'
    To import instances alone, use: import Crypto.Internal.Imports()
[71 of 96] Compiling Crypto.PubKey.ECC.DH ( Crypto\PubKey\ECC\DH.hs, dist\dist-sandbox-46a6cd3d\build\Crypto\PubKey\ECC\DH.o )
[72 of 96] Compiling Crypto.PubKey.RSA ( Crypto\PubKey\RSA.hs, dist\dist-sandbox-46a6cd3d\build\Crypto\PubKey\RSA.o )

Crypto\PubKey\RSA.hs:19:1: Warning:
    The import of `Crypto.Internal.Imports' is redundant
      except perhaps to import instances from `Crypto.Internal.Imports'
    To import instances alone, use: import Crypto.Internal.Imports()
[73 of 96] Compiling Crypto.PubKey.RSA.PKCS15 ( Crypto\PubKey\RSA\PKCS15.hs, dist\dist-sandbox-46a6cd3d\build\Crypto\PubKey\RSA\PKCS15.o )
[74 of 96] Compiling Crypto.PubKey.RSA.PSS ( Crypto\PubKey\RSA\PSS.hs, dist\dist-sandbox-46a6cd3d\build\Crypto\PubKey\RSA\PSS.o )
[75 of 96] Compiling Crypto.PubKey.RSA.OAEP ( Crypto\PubKey\RSA\OAEP.hs, dist\dist-sandbox-46a6cd3d\build\Crypto\PubKey\RSA\OAEP.o )
[76 of 96] Compiling Crypto.Cipher.Types.GF ( Crypto\Cipher\Types\GF.hs, dist\dist-sandbox-46a6cd3d\build\Crypto\Cipher\Types\GF.o )
[77 of 96] Compiling Crypto.PubKey.ElGamal ( Crypto\PubKey\ElGamal.hs, dist\dist-sandbox-46a6cd3d\build\Crypto\PubKey\ElGamal.o )
[78 of 96] Compiling Crypto.Error     ( Crypto\Error.hs, dist\dist-sandbox-46a6cd3d\build\Crypto\Error.o )
[79 of 96] Compiling Crypto.Cipher.Blowfish.Primitive ( Crypto\Cipher\Blowfish\Primitive.hs, dist\dist-sandbox-46a6cd3d\build\Crypto\Cipher\Blowfish\Primitive.o )
[80 of 96] Compiling Crypto.KDF.BCrypt ( Crypto\KDF\BCrypt.hs, dist\dist-sandbox-46a6cd3d\build\Crypto\KDF\BCrypt.o )
[81 of 96] Compiling Crypto.Cipher.Camellia.Primitive ( Crypto\Cipher\Camellia\Primitive.hs, dist\dist-sandbox-46a6cd3d\build\Crypto\Cipher\Camellia\Primitive.o )
[82 of 96] Compiling Crypto.MAC.Poly1305 ( Crypto\MAC\Poly1305.hs, dist\dist-sandbox-46a6cd3d\build\Crypto\MAC\Poly1305.o )
[83 of 96] Compiling Crypto.Cipher.ChaChaPoly1305 ( Crypto\Cipher\ChaChaPoly1305.hs, dist\dist-sandbox-46a6cd3d\build\Crypto\Cipher\ChaChaPoly1305.o )
[84 of 96] Compiling Crypto.Cipher.Types.Base ( Crypto\Cipher\Types\Base.hs, dist\dist-sandbox-46a6cd3d\build\Crypto\Cipher\Types\Base.o )
[85 of 96] Compiling Crypto.Cipher.Types.AEAD ( Crypto\Cipher\Types\AEAD.hs, dist\dist-sandbox-46a6cd3d\build\Crypto\Cipher\Types\AEAD.o )
[86 of 96] Compiling Crypto.Cipher.Types.Block ( Crypto\Cipher\Types\Block.hs, dist\dist-sandbox-46a6cd3d\build\Crypto\Cipher\Types\Block.o )

Crypto\Cipher\Types\Block.hs:40:1: Warning:
    The import of `Data.Monoid' is redundant
      except perhaps to import instances from `Data.Monoid'
    To import instances alone, use: import Data.Monoid()
[87 of 96] Compiling Crypto.Cipher.Types.Stream ( Crypto\Cipher\Types\Stream.hs, dist\dist-sandbox-46a6cd3d\build\Crypto\Cipher\Types\Stream.o )
[88 of 96] Compiling Crypto.Cipher.Types ( Crypto\Cipher\Types.hs, dist\dist-sandbox-46a6cd3d\build\Crypto\Cipher\Types.o )
[89 of 96] Compiling Crypto.Cipher.AES.Primitive ( Crypto\Cipher\AES\Primitive.hs, dist\dist-sandbox-46a6cd3d\build\Crypto\Cipher\AES\Primitive.o )
[90 of 96] Compiling Crypto.Cipher.Blowfish ( Crypto\Cipher\Blowfish.hs, dist\dist-sandbox-46a6cd3d\build\Crypto\Cipher\Blowfish.o )
[91 of 96] Compiling Crypto.Cipher.Camellia ( Crypto\Cipher\Camellia.hs, dist\dist-sandbox-46a6cd3d\build\Crypto\Cipher\Camellia.o )
[92 of 96] Compiling Crypto.Cipher.DES ( Crypto\Cipher\DES.hs, dist\dist-sandbox-46a6cd3d\build\Crypto\Cipher\DES.o )
[93 of 96] Compiling Crypto.Cipher.TripleDES ( Crypto\Cipher\TripleDES.hs, dist\dist-sandbox-46a6cd3d\build\Crypto\Cipher\TripleDES.o )
[94 of 96] Compiling Crypto.PubKey.ECC.P256 ( Crypto\PubKey\ECC\P256.hs, dist\dist-sandbox-46a6cd3d\build\Crypto\PubKey\ECC\P256.o )

Crypto\PubKey\ECC\P256.hs:46:1: Warning:
    The import of `Crypto.Internal.Imports' is redundant
      except perhaps to import instances from `Crypto.Internal.Imports'
    To import instances alone, use: import Crypto.Internal.Imports()
[95 of 96] Compiling Crypto.PubKey.Ed25519 ( Crypto\PubKey\Ed25519.hs, dist\dist-sandbox-46a6cd3d\build\Crypto\PubKey\Ed25519.o )
[96 of 96] Compiling Crypto.Cipher.AES ( Crypto\Cipher\AES.hs, dist\dist-sandbox-46a6cd3d\build\Crypto\Cipher\AES.o )
In-place registering cryptonite-0.7...
