Registering lifted-base-0.2.3.6...
ome\nmrw48\gits\horus\.cabal-sandbox\x86_64-windows-ghc-7.10.2\lifted-base-0.2.3.6-K3cQFA6mRg85rpDaA9numU
.hs, dist\dist-sandbox-46a6cd3d\build\System\Timeout\Lifted.o )

System\Timeout\Lifted.hs:4:14: Warning:
    `System.Timeout.Lifted' is marked as Trustworthy but has been inferred as safe!
[2 of 9] Compiling Foreign.Marshal.Utils.Lifted ( Foreign\Marshal\Utils\Lifted.hs, dist\dist-sandbox-46a6cd3d\build\Foreign\Marshal\Utils\Lifted.o )

Foreign\Marshal\Utils\Lifted.hs:6:14: Warning:
    `Foreign.Marshal.Utils.Lifted' is marked as Trustworthy but has been inferred as safe!
[3 of 9] Compiling Data.IORef.Lifted ( Data\IORef\Lifted.hs, dist\dist-sandbox-46a6cd3d\build\Data\IORef\Lifted.o )

Data\IORef\Lifted.hs:6:14: Warning:
    `Data.IORef.Lifted' is marked as Trustworthy but has been inferred as safe!
[4 of 9] Compiling Control.Concurrent.QSemN.Lifted ( Control\Concurrent\QSemN\Lifted.hs, dist\dist-sandbox-46a6cd3d\build\Control\Concurrent\QSemN\Lifted.o )

Control\Concurrent\QSemN\Lifted.hs:7:14: Warning:
    `Control.Concurrent.QSemN.Lifted' is marked as Trustworthy but has been inferred as safe!
[5 of 9] Compiling Control.Concurrent.QSem.Lifted ( Control\Concurrent\QSem\Lifted.hs, dist\dist-sandbox-46a6cd3d\build\Control\Concurrent\QSem\Lifted.o )

Control\Concurrent\QSem\Lifted.hs:7:14: Warning:
    `Control.Concurrent.QSem.Lifted' is marked as Trustworthy but has been inferred as safe!
[6 of 9] Compiling Control.Concurrent.Chan.Lifted ( Control\Concurrent\Chan\Lifted.hs, dist\dist-sandbox-46a6cd3d\build\Control\Concurrent\Chan\Lifted.o )

Control\Concurrent\Chan\Lifted.hs:6:14: Warning:
    `Control.Concurrent.Chan.Lifted' is marked as Trustworthy but has been inferred as safe!
[7 of 9] Compiling Control.Concurrent.MVar.Lifted ( Control\Concurrent\MVar\Lifted.hs, dist\dist-sandbox-46a6cd3d\build\Control\Concurrent\MVar\Lifted.o )

Control\Concurrent\MVar\Lifted.hs:7:14: Warning:
    `Control.Concurrent.MVar.Lifted' is marked as Trustworthy but has been inferred as safe!
[8 of 9] Compiling Control.Exception.Lifted ( Control\Exception\Lifted.hs, dist\dist-sandbox-46a6cd3d\build\Control\Exception\Lifted.o )

Control\Exception\Lifted.hs:11:14: Warning:
    `Control.Exception.Lifted' is marked as Trustworthy but has been inferred as safe!
[9 of 9] Compiling Control.Concurrent.Lifted ( Control\Concurrent\Lifted.hs, dist\dist-sandbox-46a6cd3d\build\Control\Concurrent\Lifted.o )

Control\Concurrent\Lifted.hs:4:14: Warning:
    `Control.Concurrent.Lifted' is marked as Trustworthy but has been inferred as safe!
In-place registering lifted-base-0.2.3.6...
